# Logfile created on 2021-03-22 07:00:42 -0700 by logger.rb/v1.4.2
  INFO ---------------------------------------------------------------------------
  INFO START 2021-03-22 07:00:42 -0700 cap production deploy
  INFO ---------------------------------------------------------------------------
  INFO [e2e1c299] Running /usr/bin/env mkdir -p /tmp as poweruser@bullet.srvz-webapp.he-arc.ch
 DEBUG [e2e1c299] Command: /usr/bin/env mkdir -p /tmp
  INFO [e2e1c299] Finished in 1.097 seconds with exit status 0 (successful).
 DEBUG Uploading /tmp/git-ssh-7485e3422daf291c4b98.sh 0.0%
  INFO Uploading /tmp/git-ssh-7485e3422daf291c4b98.sh 100.0%
  INFO [4ba46264] Running /usr/bin/env chmod 700 /tmp/git-ssh-7485e3422daf291c4b98.sh as poweruser@bullet.srvz-webapp.he-arc.ch
 DEBUG [4ba46264] Command: /usr/bin/env chmod 700 /tmp/git-ssh-7485e3422daf291c4b98.sh
  INFO [4ba46264] Finished in 0.089 seconds with exit status 0 (successful).
  INFO [2312c877] Running /usr/bin/env git ls-remote git@github.com:HE-Arc/bullet-dynamics.git HEAD as poweruser@bullet.srvz-webapp.he-arc.ch
 DEBUG [2312c877] Command: ( export GIT_ASKPASS="/bin/echo" GIT_SSH="/tmp/git-ssh-7485e3422daf291c4b98.sh" ; /usr/bin/env git ls-remote git@github.com:HE-Arc/bullet-dynamics.git HEAD )
 DEBUG [2312c877] 	Warning: Permanently added the RSA host key for IP address '140.82.121.4' to the list of known hosts.
 DEBUG [2312c877] 	6f6ffd3d6b7872eb5cd8eab61d0ec72feddcac5b	HEAD
  INFO [2312c877] Finished in 1.320 seconds with exit status 0 (successful).
  INFO [77d6f545] Running /usr/bin/env mkdir -p /var/www/bullet-dynamics/shared /var/www/bullet-dynamics/releases as poweruser@bullet.srvz-webapp.he-arc.ch
 DEBUG [77d6f545] Command: /usr/bin/env mkdir -p /var/www/bullet-dynamics/shared /var/www/bullet-dynamics/releases
  INFO [77d6f545] Finished in 0.088 seconds with exit status 0 (successful).
 DEBUG [40af702f] Running [ -f /var/www/bullet-dynamics/current/REVISION ] as poweruser@bullet.srvz-webapp.he-arc.ch
 DEBUG [40af702f] Command: [ -f /var/www/bullet-dynamics/current/REVISION ]
 DEBUG [40af702f] Finished in 0.078 seconds with exit status 0 (successful).
 DEBUG [721bffb1] Running /usr/bin/env cat /var/www/bullet-dynamics/current/REVISION 2>/dev/null as poweruser@bullet.srvz-webapp.he-arc.ch
 DEBUG [721bffb1] Command: /usr/bin/env cat /var/www/bullet-dynamics/current/REVISION 2>/dev/null
 DEBUG [721bffb1] 	c36cfbfa4692b837a845479ac12147490274a548
 DEBUG [721bffb1] Finished in 0.096 seconds with exit status 0 (successful).
 DEBUG [f1a390d9] Running [ -f /var/www/bullet-dynamics/repo/HEAD ] as poweruser@bullet.srvz-webapp.he-arc.ch
 DEBUG [f1a390d9] Command: [ -f /var/www/bullet-dynamics/repo/HEAD ]
 DEBUG [f1a390d9] Finished in 0.080 seconds with exit status 0 (successful).
  INFO The repository mirror is at /var/www/bullet-dynamics/repo
 DEBUG [fddf6c5c] Running if test ! -d /var/www/bullet-dynamics/repo; then echo "Directory does not exist '/var/www/bullet-dynamics/repo'" 1>&2; false; fi as poweruser@bullet.srvz-webapp.he-arc.ch
 DEBUG [fddf6c5c] Command: if test ! -d /var/www/bullet-dynamics/repo; then echo "Directory does not exist '/var/www/bullet-dynamics/repo'" 1>&2; false; fi
 DEBUG [fddf6c5c] Finished in 0.079 seconds with exit status 0 (successful).
  INFO [37ef6189] Running /usr/bin/env git remote set-url origin git@github.com:HE-Arc/bullet-dynamics.git as poweruser@bullet.srvz-webapp.he-arc.ch
 DEBUG [37ef6189] Command: cd /var/www/bullet-dynamics/repo && ( export GIT_ASKPASS="/bin/echo" GIT_SSH="/tmp/git-ssh-7485e3422daf291c4b98.sh" ; /usr/bin/env git remote set-url origin git@github.com:HE-Arc/bullet-dynamics.git )
  INFO [37ef6189] Finished in 0.112 seconds with exit status 0 (successful).
  INFO [8090a2d1] Running /usr/bin/env git remote update --prune as poweruser@bullet.srvz-webapp.he-arc.ch
 DEBUG [8090a2d1] Command: cd /var/www/bullet-dynamics/repo && ( export GIT_ASKPASS="/bin/echo" GIT_SSH="/tmp/git-ssh-7485e3422daf291c4b98.sh" ; /usr/bin/env git remote update --prune )
 DEBUG [8090a2d1] 	Fetching origin
 DEBUG [8090a2d1] 	From github.com:HE-Arc/bullet-dynamics
   ad9cc41..6f6ffd3  dev               -> dev
 DEBUG [8090a2d1] 	   c36cfbf..98a666e  master            -> master
 DEBUG [8090a2d1] 	   ad9cc41..c138f27  seeds             -> seeds
 DEBUG [8090a2d1] 	 * [new branch]      simulator-page    -> simulator-page
 DEBUG [8090a2d1] 	 * [new ref]         refs/pull/24/head -> refs/pull/24/head
 DEBUG [8090a2d1] 	 * [new ref]         refs/pull/25/head -> refs/pull/25/head
  INFO [8090a2d1] Finished in 1.709 seconds with exit status 0 (successful).
 DEBUG [f5a54a2b] Running if test ! -d /var/www/bullet-dynamics/repo; then echo "Directory does not exist '/var/www/bullet-dynamics/repo'" 1>&2; false; fi as poweruser@bullet.srvz-webapp.he-arc.ch
 DEBUG [f5a54a2b] Command: if test ! -d /var/www/bullet-dynamics/repo; then echo "Directory does not exist '/var/www/bullet-dynamics/repo'" 1>&2; false; fi
 DEBUG [f5a54a2b] Finished in 0.078 seconds with exit status 0 (successful).
  INFO [c5afc211] Running /usr/bin/env mkdir -p /var/www/bullet-dynamics/releases/20210322140045 as poweruser@bullet.srvz-webapp.he-arc.ch
 DEBUG [c5afc211] Command: cd /var/www/bullet-dynamics/repo && ( export GIT_ASKPASS="/bin/echo" GIT_SSH="/tmp/git-ssh-7485e3422daf291c4b98.sh" ; /usr/bin/env mkdir -p /var/www/bullet-dynamics/releases/20210322140045 )
  INFO [c5afc211] Finished in 0.096 seconds with exit status 0 (successful).
  INFO [1a971d0c] Running /usr/bin/env git archive master | /usr/bin/env tar -x -f - -C /var/www/bullet-dynamics/releases/20210322140045 as poweruser@bullet.srvz-webapp.he-arc.ch
 DEBUG [1a971d0c] Command: cd /var/www/bullet-dynamics/repo && ( export GIT_ASKPASS="/bin/echo" GIT_SSH="/tmp/git-ssh-7485e3422daf291c4b98.sh" ; /usr/bin/env git archive master | /usr/bin/env tar -x -f - -C /var/www/bullet-dynamics/releases/20210322140045 )
  INFO [1a971d0c] Finished in 0.139 seconds with exit status 0 (successful).
 DEBUG [3820aba8] Running if test ! -d /var/www/bullet-dynamics/repo; then echo "Directory does not exist '/var/www/bullet-dynamics/repo'" 1>&2; false; fi as poweruser@bullet.srvz-webapp.he-arc.ch
 DEBUG [3820aba8] Command: if test ! -d /var/www/bullet-dynamics/repo; then echo "Directory does not exist '/var/www/bullet-dynamics/repo'" 1>&2; false; fi
 DEBUG [3820aba8] Finished in 0.081 seconds with exit status 0 (successful).
 DEBUG [dbc0f04c] Running /usr/bin/env git rev-list --max-count=1 master as poweruser@bullet.srvz-webapp.he-arc.ch
 DEBUG [dbc0f04c] Command: cd /var/www/bullet-dynamics/repo && ( export GIT_ASKPASS="/bin/echo" GIT_SSH="/tmp/git-ssh-7485e3422daf291c4b98.sh" ; /usr/bin/env git rev-list --max-count=1 master )
 DEBUG [dbc0f04c] 	98a666e65ce947c362f3a3e7fd06ecd25cdbba6b
 DEBUG [dbc0f04c] Finished in 0.102 seconds with exit status 0 (successful).
 DEBUG [a14ac07a] Running if test ! -d /var/www/bullet-dynamics/releases/20210322140045; then echo "Directory does not exist '/var/www/bullet-dynamics/releases/20210322140045'" 1>&2; false; fi as poweruser@bullet.srvz-webapp.he-arc.ch
 DEBUG [a14ac07a] Command: if test ! -d /var/www/bullet-dynamics/releases/20210322140045; then echo "Directory does not exist '/var/www/bullet-dynamics/releases/20210322140045'" 1>&2; false; fi
 DEBUG [a14ac07a] Finished in 0.088 seconds with exit status 0 (successful).
  INFO [e1386d99] Running /usr/bin/env echo "98a666e65ce947c362f3a3e7fd06ecd25cdbba6b" > REVISION as poweruser@bullet.srvz-webapp.he-arc.ch
 DEBUG [e1386d99] Command: cd /var/www/bullet-dynamics/releases/20210322140045 && /usr/bin/env echo "98a666e65ce947c362f3a3e7fd06ecd25cdbba6b" > REVISION
  INFO [e1386d99] Finished in 0.092 seconds with exit status 0 (successful).
  INFO [fadc72b8] Running /usr/bin/env ln -s /var/www/bullet-dynamics/releases/20210322140045 /var/www/bullet-dynamics/releases/current as poweruser@bullet.srvz-webapp.he-arc.ch
 DEBUG [fadc72b8] Command: /usr/bin/env ln -s /var/www/bullet-dynamics/releases/20210322140045 /var/www/bullet-dynamics/releases/current
  INFO [fadc72b8] Finished in 0.093 seconds with exit status 0 (successful).
  INFO [ae9a6fb6] Running /usr/bin/env mv /var/www/bullet-dynamics/releases/current /var/www/bullet-dynamics as poweruser@bullet.srvz-webapp.he-arc.ch
 DEBUG [ae9a6fb6] Command: /usr/bin/env mv /var/www/bullet-dynamics/releases/current /var/www/bullet-dynamics
  INFO [ae9a6fb6] Finished in 0.086 seconds with exit status 0 (successful).
  INFO ---------------------------------------------------------------------------
  INFO START 2021-03-22 07:03:58 -0700 cap production deploy
  INFO ---------------------------------------------------------------------------
  INFO [a418cb62] Running /usr/bin/env mkdir -p /tmp as poweruser@bullet.srvz-webapp.he-arc.ch
 DEBUG [a418cb62] Command: /usr/bin/env mkdir -p /tmp
  INFO ---------------------------------------------------------------------------
  INFO START 2021-03-22 07:05:44 -0700 cap production deploy
  INFO ---------------------------------------------------------------------------
  INFO [56f32293] Running /usr/bin/env mkdir -p /tmp as poweruser@bullet.srvz-webapp.he-arc.ch
 DEBUG [56f32293] Command: /usr/bin/env mkdir -p /tmp
  INFO ---------------------------------------------------------------------------
  INFO START 2021-03-22 07:06:00 -0700 cap production deploy
  INFO ---------------------------------------------------------------------------
  INFO [e0009e18] Running /usr/bin/env mkdir -p /tmp as poweruser@bullet.srvz-webapp.he-arc.ch
 DEBUG [e0009e18] Command: /usr/bin/env mkdir -p /tmp
  INFO [e0009e18] Finished in 0.327 seconds with exit status 0 (successful).
 DEBUG Uploading /tmp/git-ssh-e470751df46e87c60682.sh 0.0%
  INFO Uploading /tmp/git-ssh-e470751df46e87c60682.sh 100.0%
  INFO [847d7e1a] Running /usr/bin/env chmod 700 /tmp/git-ssh-e470751df46e87c60682.sh as poweruser@bullet.srvz-webapp.he-arc.ch
 DEBUG [847d7e1a] Command: /usr/bin/env chmod 700 /tmp/git-ssh-e470751df46e87c60682.sh
  INFO [847d7e1a] Finished in 0.094 seconds with exit status 0 (successful).
  INFO [4ddc60ff] Running /usr/bin/env git ls-remote git@github.com:HE-Arc/bullet-dynamics.git HEAD as poweruser@bullet.srvz-webapp.he-arc.ch
 DEBUG [4ddc60ff] Command: ( export GIT_ASKPASS="/bin/echo" GIT_SSH="/tmp/git-ssh-e470751df46e87c60682.sh" ; /usr/bin/env git ls-remote git@github.com:HE-Arc/bullet-dynamics.git HEAD )
 DEBUG [4ddc60ff] 	6f6ffd3d6b7872eb5cd8eab61d0ec72feddcac5b	HEAD
  INFO [4ddc60ff] Finished in 3.060 seconds with exit status 0 (successful).
  INFO [e5c490b9] Running /usr/bin/env mkdir -p /var/www/bullet-dynamics/shared /var/www/bullet-dynamics/releases as poweruser@bullet.srvz-webapp.he-arc.ch
 DEBUG [e5c490b9] Command: /usr/bin/env mkdir -p /var/www/bullet-dynamics/shared /var/www/bullet-dynamics/releases
  INFO [e5c490b9] Finished in 0.081 seconds with exit status 0 (successful).
 DEBUG [5119eb5c] Running [ -f /var/www/bullet-dynamics/current/REVISION ] as poweruser@bullet.srvz-webapp.he-arc.ch
 DEBUG [5119eb5c] Command: [ -f /var/www/bullet-dynamics/current/REVISION ]
 DEBUG [5119eb5c] Finished in 0.078 seconds with exit status 0 (successful).
 DEBUG [4cbd085c] Running /usr/bin/env cat /var/www/bullet-dynamics/current/REVISION 2>/dev/null as poweruser@bullet.srvz-webapp.he-arc.ch
 DEBUG [4cbd085c] Command: /usr/bin/env cat /var/www/bullet-dynamics/current/REVISION 2>/dev/null
 DEBUG [4cbd085c] 	98a666e65ce947c362f3a3e7fd06ecd25cdbba6b
 DEBUG [4cbd085c] Finished in 0.093 seconds with exit status 0 (successful).
 DEBUG [a4636e00] Running [ -f /var/www/bullet-dynamics/repo/HEAD ] as poweruser@bullet.srvz-webapp.he-arc.ch
 DEBUG [a4636e00] Command: [ -f /var/www/bullet-dynamics/repo/HEAD ]
 DEBUG [a4636e00] Finished in 0.076 seconds with exit status 0 (successful).
  INFO The repository mirror is at /var/www/bullet-dynamics/repo
 DEBUG [bbc39b9f] Running if test ! -d /var/www/bullet-dynamics/repo; then echo "Directory does not exist '/var/www/bullet-dynamics/repo'" 1>&2; false; fi as poweruser@bullet.srvz-webapp.he-arc.ch
 DEBUG [bbc39b9f] Command: if test ! -d /var/www/bullet-dynamics/repo; then echo "Directory does not exist '/var/www/bullet-dynamics/repo'" 1>&2; false; fi
 DEBUG [bbc39b9f] Finished in 0.076 seconds with exit status 0 (successful).
  INFO [66a01289] Running /usr/bin/env git remote set-url origin git@github.com:HE-Arc/bullet-dynamics.git as poweruser@bullet.srvz-webapp.he-arc.ch
 DEBUG [66a01289] Command: cd /var/www/bullet-dynamics/repo && ( export GIT_ASKPASS="/bin/echo" GIT_SSH="/tmp/git-ssh-e470751df46e87c60682.sh" ; /usr/bin/env git remote set-url origin git@github.com:HE-Arc/bullet-dynamics.git )
  INFO [66a01289] Finished in 0.109 seconds with exit status 0 (successful).
  INFO [0cf1cf00] Running /usr/bin/env git remote update --prune as poweruser@bullet.srvz-webapp.he-arc.ch
 DEBUG [0cf1cf00] Command: cd /var/www/bullet-dynamics/repo && ( export GIT_ASKPASS="/bin/echo" GIT_SSH="/tmp/git-ssh-e470751df46e87c60682.sh" ; /usr/bin/env git remote update --prune )
 DEBUG [0cf1cf00] 	Fetching origin
  INFO [0cf1cf00] Finished in 3.013 seconds with exit status 0 (successful).
 DEBUG [11e7a0ed] Running if test ! -d /var/www/bullet-dynamics/repo; then echo "Directory does not exist '/var/www/bullet-dynamics/repo'" 1>&2; false; fi as poweruser@bullet.srvz-webapp.he-arc.ch
 DEBUG [11e7a0ed] Command: if test ! -d /var/www/bullet-dynamics/repo; then echo "Directory does not exist '/var/www/bullet-dynamics/repo'" 1>&2; false; fi
 DEBUG [11e7a0ed] Finished in 0.079 seconds with exit status 0 (successful).
  INFO [e9ee7364] Running /usr/bin/env mkdir -p /var/www/bullet-dynamics/releases/20210322140604 as poweruser@bullet.srvz-webapp.he-arc.ch
 DEBUG [e9ee7364] Command: cd /var/www/bullet-dynamics/repo && ( export GIT_ASKPASS="/bin/echo" GIT_SSH="/tmp/git-ssh-e470751df46e87c60682.sh" ; /usr/bin/env mkdir -p /var/www/bullet-dynamics/releases/20210322140604 )
  INFO [e9ee7364] Finished in 0.095 seconds with exit status 0 (successful).
  INFO [2b0fd835] Running /usr/bin/env git archive master | /usr/bin/env tar -x -f - -C /var/www/bullet-dynamics/releases/20210322140604 as poweruser@bullet.srvz-webapp.he-arc.ch
 DEBUG [2b0fd835] Command: cd /var/www/bullet-dynamics/repo && ( export GIT_ASKPASS="/bin/echo" GIT_SSH="/tmp/git-ssh-e470751df46e87c60682.sh" ; /usr/bin/env git archive master | /usr/bin/env tar -x -f - -C /var/www/bullet-dynamics/releases/20210322140604 )
  INFO [2b0fd835] Finished in 0.159 seconds with exit status 0 (successful).
 DEBUG [38e2c55c] Running if test ! -d /var/www/bullet-dynamics/repo; then echo "Directory does not exist '/var/www/bullet-dynamics/repo'" 1>&2; false; fi as poweruser@bullet.srvz-webapp.he-arc.ch
 DEBUG [38e2c55c] Command: if test ! -d /var/www/bullet-dynamics/repo; then echo "Directory does not exist '/var/www/bullet-dynamics/repo'" 1>&2; false; fi
 DEBUG [38e2c55c] Finished in 0.083 seconds with exit status 0 (successful).
 DEBUG [f4119dfa] Running /usr/bin/env git rev-list --max-count=1 master as poweruser@bullet.srvz-webapp.he-arc.ch
 DEBUG [f4119dfa] Command: cd /var/www/bullet-dynamics/repo && ( export GIT_ASKPASS="/bin/echo" GIT_SSH="/tmp/git-ssh-e470751df46e87c60682.sh" ; /usr/bin/env git rev-list --max-count=1 master )
 DEBUG [f4119dfa] 	98a666e65ce947c362f3a3e7fd06ecd25cdbba6b
 DEBUG [f4119dfa] Finished in 0.097 seconds with exit status 0 (successful).
 DEBUG [aa84630d] Running if test ! -d /var/www/bullet-dynamics/releases/20210322140604; then echo "Directory does not exist '/var/www/bullet-dynamics/releases/20210322140604'" 1>&2; false; fi as poweruser@bullet.srvz-webapp.he-arc.ch
 DEBUG [aa84630d] Command: if test ! -d /var/www/bullet-dynamics/releases/20210322140604; then echo "Directory does not exist '/var/www/bullet-dynamics/releases/20210322140604'" 1>&2; false; fi
 DEBUG [aa84630d] Finished in 0.089 seconds with exit status 0 (successful).
  INFO [a26851d0] Running /usr/bin/env echo "98a666e65ce947c362f3a3e7fd06ecd25cdbba6b" > REVISION as poweruser@bullet.srvz-webapp.he-arc.ch
 DEBUG [a26851d0] Command: cd /var/www/bullet-dynamics/releases/20210322140604 && /usr/bin/env echo "98a666e65ce947c362f3a3e7fd06ecd25cdbba6b" > REVISION
  INFO [a26851d0] Finished in 0.086 seconds with exit status 0 (successful).
  INFO [a29696b8] Running /usr/bin/env ln -s /var/www/bullet-dynamics/releases/20210322140604 /var/www/bullet-dynamics/releases/current as poweruser@bullet.srvz-webapp.he-arc.ch
 DEBUG [a29696b8] Command: /usr/bin/env ln -s /var/www/bullet-dynamics/releases/20210322140604 /var/www/bullet-dynamics/releases/current
  INFO [a29696b8] Finished in 0.097 seconds with exit status 0 (successful).
  INFO [9898cae0] Running /usr/bin/env mv /var/www/bullet-dynamics/releases/current /var/www/bullet-dynamics as poweruser@bullet.srvz-webapp.he-arc.ch
 DEBUG [9898cae0] Command: /usr/bin/env mv /var/www/bullet-dynamics/releases/current /var/www/bullet-dynamics
  INFO [9898cae0] Finished in 0.084 seconds with exit status 0 (successful).
  INFO ---------------------------------------------------------------------------
  INFO START 2021-03-26 00:30:34 -0700 cap production deploy
  INFO ---------------------------------------------------------------------------
  INFO [baa0f0b9] Running /usr/bin/env mkdir -p /tmp as poweruser@bullet.srvz-webapp.he-arc.ch
 DEBUG [baa0f0b9] Command: /usr/bin/env mkdir -p /tmp
  INFO [baa0f0b9] Finished in 0.564 seconds with exit status 0 (successful).
 DEBUG Uploading /tmp/git-ssh-9eeef67cc68d4417f25d.sh 0.0%
  INFO Uploading /tmp/git-ssh-9eeef67cc68d4417f25d.sh 100.0%
  INFO [6d705503] Running /usr/bin/env chmod 700 /tmp/git-ssh-9eeef67cc68d4417f25d.sh as poweruser@bullet.srvz-webapp.he-arc.ch
 DEBUG [6d705503] Command: /usr/bin/env chmod 700 /tmp/git-ssh-9eeef67cc68d4417f25d.sh
  INFO [6d705503] Finished in 0.093 seconds with exit status 0 (successful).
  INFO [c92859a0] Running /usr/bin/env git ls-remote https://github.com/HE-Arc/bullet-dynamics.git HEAD as poweruser@bullet.srvz-webapp.he-arc.ch
 DEBUG [c92859a0] Command: ( export GIT_ASKPASS="/bin/echo" GIT_SSH="/tmp/git-ssh-9eeef67cc68d4417f25d.sh" ; /usr/bin/env git ls-remote https://github.com/HE-Arc/bullet-dynamics.git HEAD )
 DEBUG [c92859a0] 	remote: Invalid username or password.
fatal: Authentication failed for 'https://github.com/HE-Arc/bullet-dynamics.git/'
  INFO ---------------------------------------------------------------------------
  INFO START 2021-03-26 00:31:11 -0700 cap production deploy
  INFO ---------------------------------------------------------------------------
  INFO [f07ca9c8] Running /usr/bin/env mkdir -p /tmp as poweruser@bullet.srvz-webapp.he-arc.ch
 DEBUG [f07ca9c8] Command: /usr/bin/env mkdir -p /tmp
  INFO [f07ca9c8] Finished in 0.329 seconds with exit status 0 (successful).
 DEBUG Uploading /tmp/git-ssh-343e9080645b67b84832.sh 0.0%
  INFO Uploading /tmp/git-ssh-343e9080645b67b84832.sh 100.0%
  INFO [f9b42903] Running /usr/bin/env chmod 700 /tmp/git-ssh-343e9080645b67b84832.sh as poweruser@bullet.srvz-webapp.he-arc.ch
 DEBUG [f9b42903] Command: /usr/bin/env chmod 700 /tmp/git-ssh-343e9080645b67b84832.sh
  INFO [f9b42903] Finished in 0.091 seconds with exit status 0 (successful).
  INFO [06a684f9] Running /usr/bin/env git ls-remote git@github.com:HE-Arc/bullet-dynamics.git HEAD as poweruser@bullet.srvz-webapp.he-arc.ch
 DEBUG [06a684f9] Command: ( export GIT_ASKPASS="/bin/echo" GIT_SSH="/tmp/git-ssh-343e9080645b67b84832.sh" ; /usr/bin/env git ls-remote git@github.com:HE-Arc/bullet-dynamics.git HEAD )
 DEBUG [06a684f9] 	6f6ffd3d6b7872eb5cd8eab61d0ec72feddcac5b	HEAD
  INFO [06a684f9] Finished in 1.226 seconds with exit status 0 (successful).
  INFO [bdbc8849] Running /usr/bin/env mkdir -p /var/www/bullet-dynamics/shared /var/www/bullet-dynamics/releases as poweruser@bullet.srvz-webapp.he-arc.ch
 DEBUG [bdbc8849] Command: /usr/bin/env mkdir -p /var/www/bullet-dynamics/shared /var/www/bullet-dynamics/releases
  INFO [bdbc8849] Finished in 0.087 seconds with exit status 0 (successful).
 DEBUG [d5c32feb] Running [ -f /var/www/bullet-dynamics/current/REVISION ] as poweruser@bullet.srvz-webapp.he-arc.ch
 DEBUG [d5c32feb] Command: [ -f /var/www/bullet-dynamics/current/REVISION ]
 DEBUG [d5c32feb] Finished in 0.083 seconds with exit status 0 (successful).
 DEBUG [fdbeba4b] Running /usr/bin/env cat /var/www/bullet-dynamics/current/REVISION 2>/dev/null as poweruser@bullet.srvz-webapp.he-arc.ch
 DEBUG [fdbeba4b] Command: /usr/bin/env cat /var/www/bullet-dynamics/current/REVISION 2>/dev/null
 DEBUG [fdbeba4b] 	98a666e65ce947c362f3a3e7fd06ecd25cdbba6b
 DEBUG [fdbeba4b] Finished in 0.096 seconds with exit status 0 (successful).
 DEBUG [fc49a460] Running [ -f /var/www/bullet-dynamics/repo/HEAD ] as poweruser@bullet.srvz-webapp.he-arc.ch
 DEBUG [fc49a460] Command: [ -f /var/www/bullet-dynamics/repo/HEAD ]
 DEBUG [fc49a460] Finished in 0.077 seconds with exit status 0 (successful).
  INFO The repository mirror is at /var/www/bullet-dynamics/repo
 DEBUG [faee4bbb] Running if test ! -d /var/www/bullet-dynamics/repo; then echo "Directory does not exist '/var/www/bullet-dynamics/repo'" 1>&2; false; fi as poweruser@bullet.srvz-webapp.he-arc.ch
 DEBUG [faee4bbb] Command: if test ! -d /var/www/bullet-dynamics/repo; then echo "Directory does not exist '/var/www/bullet-dynamics/repo'" 1>&2; false; fi
 DEBUG [faee4bbb] Finished in 0.082 seconds with exit status 0 (successful).
  INFO [ccfd7c49] Running /usr/bin/env git remote set-url origin git@github.com:HE-Arc/bullet-dynamics.git as poweruser@bullet.srvz-webapp.he-arc.ch
 DEBUG [ccfd7c49] Command: cd /var/www/bullet-dynamics/repo && ( export GIT_ASKPASS="/bin/echo" GIT_SSH="/tmp/git-ssh-343e9080645b67b84832.sh" ; /usr/bin/env git remote set-url origin git@github.com:HE-Arc/bullet-dynamics.git )
  INFO [ccfd7c49] Finished in 0.119 seconds with exit status 0 (successful).
  INFO [f5fb9a1c] Running /usr/bin/env git remote update --prune as poweruser@bullet.srvz-webapp.he-arc.ch
 DEBUG [f5fb9a1c] Command: cd /var/www/bullet-dynamics/repo && ( export GIT_ASKPASS="/bin/echo" GIT_SSH="/tmp/git-ssh-343e9080645b67b84832.sh" ; /usr/bin/env git remote update --prune )
 DEBUG [f5fb9a1c] 	Fetching origin
 DEBUG [f5fb9a1c] 	From github.com:HE-Arc/bullet-dynamics
 * [new branch]      create-configuration-page -> create-configuration-page
  INFO [f5fb9a1c] Finished in 1.768 seconds with exit status 0 (successful).
 DEBUG [3ee513b1] Running if test ! -d /var/www/bullet-dynamics/repo; then echo "Directory does not exist '/var/www/bullet-dynamics/repo'" 1>&2; false; fi as poweruser@bullet.srvz-webapp.he-arc.ch
 DEBUG [3ee513b1] Command: if test ! -d /var/www/bullet-dynamics/repo; then echo "Directory does not exist '/var/www/bullet-dynamics/repo'" 1>&2; false; fi
 DEBUG [3ee513b1] Finished in 0.079 seconds with exit status 0 (successful).
  INFO [c7b2f9a3] Running /usr/bin/env mkdir -p /var/www/bullet-dynamics/releases/20210326073113 as poweruser@bullet.srvz-webapp.he-arc.ch
 DEBUG [c7b2f9a3] Command: cd /var/www/bullet-dynamics/repo && ( export GIT_ASKPASS="/bin/echo" GIT_SSH="/tmp/git-ssh-343e9080645b67b84832.sh" ; /usr/bin/env mkdir -p /var/www/bullet-dynamics/releases/20210326073113 )
  INFO [c7b2f9a3] Finished in 0.097 seconds with exit status 0 (successful).
  INFO [267fac10] Running /usr/bin/env git archive master | /usr/bin/env tar -x -f - -C /var/www/bullet-dynamics/releases/20210326073113 as poweruser@bullet.srvz-webapp.he-arc.ch
 DEBUG [267fac10] Command: cd /var/www/bullet-dynamics/repo && ( export GIT_ASKPASS="/bin/echo" GIT_SSH="/tmp/git-ssh-343e9080645b67b84832.sh" ; /usr/bin/env git archive master | /usr/bin/env tar -x -f - -C /var/www/bullet-dynamics/releases/20210326073113 )
  INFO [267fac10] Finished in 0.165 seconds with exit status 0 (successful).
 DEBUG [ce05d783] Running if test ! -d /var/www/bullet-dynamics/repo; then echo "Directory does not exist '/var/www/bullet-dynamics/repo'" 1>&2; false; fi as poweruser@bullet.srvz-webapp.he-arc.ch
 DEBUG [ce05d783] Command: if test ! -d /var/www/bullet-dynamics/repo; then echo "Directory does not exist '/var/www/bullet-dynamics/repo'" 1>&2; false; fi
 DEBUG [ce05d783] Finished in 0.077 seconds with exit status 0 (successful).
 DEBUG [c3c10537] Running /usr/bin/env git rev-list --max-count=1 master as poweruser@bullet.srvz-webapp.he-arc.ch
 DEBUG [c3c10537] Command: cd /var/www/bullet-dynamics/repo && ( export GIT_ASKPASS="/bin/echo" GIT_SSH="/tmp/git-ssh-343e9080645b67b84832.sh" ; /usr/bin/env git rev-list --max-count=1 master )
 DEBUG [c3c10537] 	98a666e65ce947c362f3a3e7fd06ecd25cdbba6b
 DEBUG [c3c10537] Finished in 0.099 seconds with exit status 0 (successful).
 DEBUG [c856f016] Running if test ! -d /var/www/bullet-dynamics/releases/20210326073113; then echo "Directory does not exist '/var/www/bullet-dynamics/releases/20210326073113'" 1>&2; false; fi as poweruser@bullet.srvz-webapp.he-arc.ch
 DEBUG [c856f016] Command: if test ! -d /var/www/bullet-dynamics/releases/20210326073113; then echo "Directory does not exist '/var/www/bullet-dynamics/releases/20210326073113'" 1>&2; false; fi
 DEBUG [c856f016] Finished in 0.089 seconds with exit status 0 (successful).
  INFO [018946a9] Running /usr/bin/env echo "98a666e65ce947c362f3a3e7fd06ecd25cdbba6b" > REVISION as poweruser@bullet.srvz-webapp.he-arc.ch
 DEBUG [018946a9] Command: cd /var/www/bullet-dynamics/releases/20210326073113 && /usr/bin/env echo "98a666e65ce947c362f3a3e7fd06ecd25cdbba6b" > REVISION
  INFO [018946a9] Finished in 0.085 seconds with exit status 0 (successful).
  INFO [7cbc03d0] Running /usr/bin/env ln -s /var/www/bullet-dynamics/releases/20210326073113 /var/www/bullet-dynamics/releases/current as poweruser@bullet.srvz-webapp.he-arc.ch
 DEBUG [7cbc03d0] Command: /usr/bin/env ln -s /var/www/bullet-dynamics/releases/20210326073113 /var/www/bullet-dynamics/releases/current
  INFO [7cbc03d0] Finished in 0.094 seconds with exit status 0 (successful).
  INFO [b686cd10] Running /usr/bin/env mv /var/www/bullet-dynamics/releases/current /var/www/bullet-dynamics as poweruser@bullet.srvz-webapp.he-arc.ch
 DEBUG [b686cd10] Command: /usr/bin/env mv /var/www/bullet-dynamics/releases/current /var/www/bullet-dynamics
  INFO [b686cd10] Finished in 0.100 seconds with exit status 0 (successful).
 DEBUG [c61881d8] Running /usr/bin/env ls -x /var/www/bullet-dynamics/releases as poweruser@bullet.srvz-webapp.he-arc.ch
 DEBUG [c61881d8] Command: /usr/bin/env ls -x /var/www/bullet-dynamics/releases
 DEBUG [c61881d8] 	20210312101704	20210315133021	20210322140045	20210322140604	20210326073113
 DEBUG [c61881d8] Finished in 0.140 seconds with exit status 0 (successful).
  INFO Keeping 5 of 5 deployed releases on bullet.srvz-webapp.he-arc.ch
 DEBUG [7e7f6f1f] Running [ -d /var/www/bullet-dynamics/current ] as poweruser@bullet.srvz-webapp.he-arc.ch
 DEBUG [7e7f6f1f] Command: [ -d /var/www/bullet-dynamics/current ]
 DEBUG [7e7f6f1f] Finished in 0.078 seconds with exit status 0 (successful).
 DEBUG [b0fe64ae] Running /usr/bin/env readlink /var/www/bullet-dynamics/current as poweruser@bullet.srvz-webapp.he-arc.ch
 DEBUG [b0fe64ae] Command: /usr/bin/env readlink /var/www/bullet-dynamics/current
 DEBUG [b0fe64ae] 	/var/www/bullet-dynamics/releases/20210326073113
 DEBUG [b0fe64ae] Finished in 0.091 seconds with exit status 0 (successful).
  INFO No old releases (keeping newest 5) on bullet.srvz-webapp.he-arc.ch
 DEBUG [983eceb3] Running if test ! -d /var/www/bullet-dynamics/releases; then echo "Directory does not exist '/var/www/bullet-dynamics/releases'" 1>&2; false; fi as poweruser@bullet.srvz-webapp.he-arc.ch
 DEBUG [983eceb3] Command: if test ! -d /var/www/bullet-dynamics/releases; then echo "Directory does not exist '/var/www/bullet-dynamics/releases'" 1>&2; false; fi
 DEBUG [983eceb3] Finished in 0.077 seconds with exit status 0 (successful).
  INFO [5eccfe1f] Running /usr/bin/env echo "Branch master (at 98a666e65ce947c362f3a3e7fd06ecd25cdbba6b) deployed as release 20210326073113 by ma2s" >> /var/www/bullet-dynamics/revisions.log as poweruser@bullet.srvz-webapp.he-arc.ch
 DEBUG [5eccfe1f] Command: cd /var/www/bullet-dynamics/releases && /usr/bin/env echo "Branch master (at 98a666e65ce947c362f3a3e7fd06ecd25cdbba6b) deployed as release 20210326073113 by ma2s" >> /var/www/bullet-dynamics/revisions.log
  INFO [5eccfe1f] Finished in 0.100 seconds with exit status 0 (successful).
